🚀 ~ :18 ~ test ~ amountUSDC: BigNumber { _hex: '0x989680', _isBigNumber: true }
🚀 ~ :21 ~ test ~ amountLINK: BigNumber { _hex: '0x2386f26fc10000', _isBigNumber: true }
🚀 ~ :17 ~ Approving tokens of given address:
🚀 ~ :21 ~ Approved tokens of USDC address:
🚀 ~ :26 ~ Got Position Manager Contract.
Liquidity added! Tx hash: 0xf4b58d8a6203d3f31797410f3138bd9afd8f60d9938900a56ee8892b0203a450
🚀 ~ :49 ~ logs: [
  {
    transactionIndex: 24,
    blockNumber: 8831932,
    transactionHash: '0xf4b58d8a6203d3f31797410f3138bd9afd8f60d9938900a56ee8892b0203a450',
    address: '0xaA8E23Fb1079EA71e0a56F48a2aA51851D8433D0',
    topics: [
      '0xddf252ad1be2c89b69c2b068fc378daa952ba7f163c4a11628f55a4df523b3ef',
      '0x000000000000000000000000adc7ebd185afd30519f68aa5c5a3ab4ea0eb5706',
      '0x0000000000000000000000000e790c504f439faea67ee19f420190996390cf27'
    ],
    data: '0x0000000000000000000000000000000000000000000000000000000000989680',
    logIndex: 39,
    blockHash: '0xff5ae0f6bfdb0dee554b61cc0c619f18b782f5023145756007a4e9fdd064002d'
  },
  {
    transactionIndex: 24,
    blockNumber: 8831932,
    transactionHash: '0xf4b58d8a6203d3f31797410f3138bd9afd8f60d9938900a56ee8892b0203a450',
    address: '0xaA8E23Fb1079EA71e0a56F48a2aA51851D8433D0',
    topics: [
      '0x8c5be1e5ebec7d5bd14f71427d1e84f3dd0314c0f7b2291e5b200ac8c7c3b925',
      '0x000000000000000000000000adc7ebd185afd30519f68aa5c5a3ab4ea0eb5706',
      '0x0000000000000000000000001238536071e1c677a632429e3655c799b22cda52'
    ],
    data: '0x0000000000000000000000000000000000000000000000000000000000000000',
    logIndex: 40,
    blockHash: '0xff5ae0f6bfdb0dee554b61cc0c619f18b782f5023145756007a4e9fdd064002d'
  },
  {
    transactionIndex: 24,
    blockNumber: 8831932,
    transactionHash: '0xf4b58d8a6203d3f31797410f3138bd9afd8f60d9938900a56ee8892b0203a450',
    address: '0xEbCC972B6B3eB15C0592BE1871838963d0B94278',
    topics: [
      '0xddf252ad1be2c89b69c2b068fc378daa952ba7f163c4a11628f55a4df523b3ef',
      '0x000000000000000000000000adc7ebd185afd30519f68aa5c5a3ab4ea0eb5706',
      '0x0000000000000000000000000e790c504f439faea67ee19f420190996390cf27'
    ],
    data: '0x0000000000000000000000000000000000000000000000000000000000989680',
    logIndex: 41,
    blockHash: '0xff5ae0f6bfdb0dee554b61cc0c619f18b782f5023145756007a4e9fdd064002d'
  },
  {
    transactionIndex: 24,
    blockNumber: 8831932,
    transactionHash: '0xf4b58d8a6203d3f31797410f3138bd9afd8f60d9938900a56ee8892b0203a450',
    address: '0xEbCC972B6B3eB15C0592BE1871838963d0B94278',
    topics: [
      '0x8c5be1e5ebec7d5bd14f71427d1e84f3dd0314c0f7b2291e5b200ac8c7c3b925',
      '0x000000000000000000000000adc7ebd185afd30519f68aa5c5a3ab4ea0eb5706',
      '0x0000000000000000000000001238536071e1c677a632429e3655c799b22cda52'
    ],
    data: '0x0000000000000000000000000000000000000000000000000000000000000000',
    logIndex: 42,
    blockHash: '0xff5ae0f6bfdb0dee554b61cc0c619f18b782f5023145756007a4e9fdd064002d'
  },
  {
    transactionIndex: 24,
    blockNumber: 8831932,
    transactionHash: '0xf4b58d8a6203d3f31797410f3138bd9afd8f60d9938900a56ee8892b0203a450',
    address: '0x0E790C504f439Faea67Ee19F420190996390cf27',
    topics: [
      '0x7a53080ba414158be7ec69b987b5fb7d07dee101fe85488f0853ae16239d0bde',
      '0x0000000000000000000000001238536071e1c677a632429e3655c799b22cda52',
      '0xfffffffffffffffffffffffffffffffffffffffffffffffffffffffffff2764c',
      '0x00000000000000000000000000000000000000000000000000000000000d89b4'
    ],
    data: '0x0000000000000000000000001238536071e1c677a632429e3655c799b22cda52000000000000000000000000000000000000000000000000000000000098968000000000000000000000000000000000000000000000000000000000009896800000000000000000000000000000000000000000000000000000000000989680',
    logIndex: 43,
    blockHash: '0xff5ae0f6bfdb0dee554b61cc0c619f18b782f5023145756007a4e9fdd064002d'
  },
  {
    transactionIndex: 24,
    blockNumber: 8831932,
    transactionHash: '0xf4b58d8a6203d3f31797410f3138bd9afd8f60d9938900a56ee8892b0203a450',
    address: '0x1238536071E1c677A632429e3655c799b22cDA52',
    topics: [
      '0xddf252ad1be2c89b69c2b068fc378daa952ba7f163c4a11628f55a4df523b3ef',
      '0x0000000000000000000000000000000000000000000000000000000000000000',
      '0x000000000000000000000000adc7ebd185afd30519f68aa5c5a3ab4ea0eb5706',
      '0x00000000000000000000000000000000000000000000000000000000000311b4'
    ],
    data: '0x',
    logIndex: 44,
    blockHash: '0xff5ae0f6bfdb0dee554b61cc0c619f18b782f5023145756007a4e9fdd064002d'
  },
  {
    transactionIndex: 24,
    blockNumber: 8831932,
    transactionHash: '0xf4b58d8a6203d3f31797410f3138bd9afd8f60d9938900a56ee8892b0203a450',
    address: '0x1238536071E1c677A632429e3655c799b22cDA52',
    topics: [
      '0x3067048beee31b25b2f1681f88dac838c8bba36af25bfb2b7cf7473a5847e35f',
      '0x00000000000000000000000000000000000000000000000000000000000311b4'
    ],
    data: '0x000000000000000000000000000000000000000000000000000000000098968000000000000000000000000000000000000000000000000000000000009896800000000000000000000000000000000000000000000000000000000000989680',
    logIndex: 45,
    blockHash: '0xff5ae0f6bfdb0dee554b61cc0c619f18b782f5023145756007a4e9fdd064002d'
  }
]
🎯 Minted Position NFT ID: 201140
