🚀 ~ address: 0xaDC7EBd185AfD30519f68aA5c5a3ab4Ea0Eb5706
🚀 ~ balanceA: BigNumber { _hex: '0x024ca6ecba', _isBigNumber: true }
🚀 ~ balanceB: BigNumber { _hex: '0x018ad863e6de677c54', _isBigNumber: true }
47: 
54: 
🚀 ~ poolAddress: 0x539c9Aaa3D98B919b15A922dE967cF9fc2540ee0
✅ Pool already exists: 0x539c9Aaa3D98B919b15A922dE967cF9fc2540ee0
🚀 ~ mintParams: {
  token0: '0x779877a7b0d9e8603169ddbd7836e478b4624789',
  token1: '0x94a9d9ac8a22534e3faca9f4e7f2e2cf85d5e4c8',
  fee: 3000,
  tickLower: -887220,
  tickUpper: 887220,
  amount0Desired: BigNumber { _hex: '0x2386f26fc10000', _isBigNumber: true },
  amount1Desired: BigNumber { _hex: '0x989680', _isBigNumber: true },
  amount0Min: 0,
  amount1Min: 0,
  recipient: '0xaDC7EBd185AfD30519f68aA5c5a3ab4Ea0Eb5706',
  deadline: 1750935581
}
✅ Pool liquidity added at: 0x539c9Aaa3D98B919b15A922dE967cF9fc2540ee0
🚀 ~ :113 ~ logs: [
  {
    transactionIndex: 4,
    blockNumber: 8632548,
    transactionHash: '0x4f438d0463be9ead2d6686820ec1d25bec0b2e9a4759ef95fec860c8bae9d6b0',
    address: '0x779877A7B0D9E8603169DdbD7836e478b4624789',
    topics: [
      '0xddf252ad1be2c89b69c2b068fc378daa952ba7f163c4a11628f55a4df523b3ef',
      '0x000000000000000000000000adc7ebd185afd30519f68aa5c5a3ab4ea0eb5706',
      '0x000000000000000000000000539c9aaa3d98b919b15a922de967cf9fc2540ee0'
    ],
    data: '0x000000000000000000000000000000000000000000000000002386f26fc00bd3',
    logIndex: 20,
    blockHash: '0xb95f199d91af7d3c861ae33cd9f6b6830dd5facaccef4a05fe170a931bf12258'
  },
  {
    transactionIndex: 4,
    blockNumber: 8632548,
    transactionHash: '0x4f438d0463be9ead2d6686820ec1d25bec0b2e9a4759ef95fec860c8bae9d6b0',
    address: '0x779877A7B0D9E8603169DdbD7836e478b4624789',
    topics: [
      '0x8c5be1e5ebec7d5bd14f71427d1e84f3dd0314c0f7b2291e5b200ac8c7c3b925',
      '0x000000000000000000000000adc7ebd185afd30519f68aa5c5a3ab4ea0eb5706',
      '0x0000000000000000000000001238536071e1c677a632429e3655c799b22cda52'
    ],
    data: '0x0000000000000000000000000000000000000000000000018ab4dcf46ea77081',
    logIndex: 21,
    blockHash: '0xb95f199d91af7d3c861ae33cd9f6b6830dd5facaccef4a05fe170a931bf12258'
  },
  {
    transactionIndex: 4,
    blockNumber: 8632548,
    transactionHash: '0x4f438d0463be9ead2d6686820ec1d25bec0b2e9a4759ef95fec860c8bae9d6b0',
    address: '0x94a9D9AC8a22534E3FaCa9F4e7F2E2cf85d5E4C8',
    topics: [
      '0xddf252ad1be2c89b69c2b068fc378daa952ba7f163c4a11628f55a4df523b3ef',
      '0x000000000000000000000000adc7ebd185afd30519f68aa5c5a3ab4ea0eb5706',
      '0x000000000000000000000000539c9aaa3d98b919b15a922de967cf9fc2540ee0'
    ],
    data: '0x00000000000000000000000000000000000000000000000000000000000bbd22',
    logIndex: 22,
    blockHash: '0xb95f199d91af7d3c861ae33cd9f6b6830dd5facaccef4a05fe170a931bf12258'
  },
  {
    transactionIndex: 4,
    blockNumber: 8632548,
    transactionHash: '0x4f438d0463be9ead2d6686820ec1d25bec0b2e9a4759ef95fec860c8bae9d6b0',
    address: '0x94a9D9AC8a22534E3FaCa9F4e7F2E2cf85d5E4C8',
    topics: [
      '0x8c5be1e5ebec7d5bd14f71427d1e84f3dd0314c0f7b2291e5b200ac8c7c3b925',
      '0x000000000000000000000000adc7ebd185afd30519f68aa5c5a3ab4ea0eb5706',
      '0x0000000000000000000000001238536071e1c677a632429e3655c799b22cda52'
    ],
    data: '0x000000000000000000000000000000000000000000000000000000024c9b2f98',
    logIndex: 23,
    blockHash: '0xb95f199d91af7d3c861ae33cd9f6b6830dd5facaccef4a05fe170a931bf12258'
  },
  {
    transactionIndex: 4,
    blockNumber: 8632548,
    transactionHash: '0x4f438d0463be9ead2d6686820ec1d25bec0b2e9a4759ef95fec860c8bae9d6b0',
    address: '0x539c9Aaa3D98B919b15A922dE967cF9fc2540ee0',
    topics: [
      '0x7a53080ba414158be7ec69b987b5fb7d07dee101fe85488f0853ae16239d0bde',
      '0x0000000000000000000000001238536071e1c677a632429e3655c799b22cda52',
      '0xfffffffffffffffffffffffffffffffffffffffffffffffffffffffffff2764c',
      '0x00000000000000000000000000000000000000000000000000000000000d89b4'
    ],
    data: '0x0000000000000000000000001238536071e1c677a632429e3655c799b22cda52000000000000000000000000000000000000000000000000000000146bf42764000000000000000000000000000000000000000000000000002386f26fc00bd300000000000000000000000000000000000000000000000000000000000bbd22',
    logIndex: 24,
    blockHash: '0xb95f199d91af7d3c861ae33cd9f6b6830dd5facaccef4a05fe170a931bf12258'
  },
  {
    transactionIndex: 4,
    blockNumber: 8632548,
    transactionHash: '0x4f438d0463be9ead2d6686820ec1d25bec0b2e9a4759ef95fec860c8bae9d6b0',
    address: '0x1238536071E1c677A632429e3655c799b22cDA52',
    topics: [
      '0xddf252ad1be2c89b69c2b068fc378daa952ba7f163c4a11628f55a4df523b3ef',
      '0x0000000000000000000000000000000000000000000000000000000000000000',
      '0x000000000000000000000000adc7ebd185afd30519f68aa5c5a3ab4ea0eb5706',
      '0x0000000000000000000000000000000000000000000000000000000000030b76'
    ],
    data: '0x',
    logIndex: 25,
    blockHash: '0xb95f199d91af7d3c861ae33cd9f6b6830dd5facaccef4a05fe170a931bf12258'
  },
  {
    transactionIndex: 4,
    blockNumber: 8632548,
    transactionHash: '0x4f438d0463be9ead2d6686820ec1d25bec0b2e9a4759ef95fec860c8bae9d6b0',
    address: '0x1238536071E1c677A632429e3655c799b22cDA52',
    topics: [
      '0x3067048beee31b25b2f1681f88dac838c8bba36af25bfb2b7cf7473a5847e35f',
      '0x0000000000000000000000000000000000000000000000000000000000030b76'
    ],
    data: '0x000000000000000000000000000000000000000000000000000000146bf42764000000000000000000000000000000000000000000000000002386f26fc00bd300000000000000000000000000000000000000000000000000000000000bbd22',
    logIndex: 26,
    blockHash: '0xb95f199d91af7d3c861ae33cd9f6b6830dd5facaccef4a05fe170a931bf12258'
  }
]
Pool: 0x539c9Aaa3D98B919b15A922dE967cF9fc2540ee0
