🚀 ~ address: 0xaDC7EBd185AfD30519f68aA5c5a3ab4Ea0Eb5706
🚀 ~ balanceA: BigNumber { _hex: '0xd3c21bceb1a4b5a82000', _isBigNumber: true }
🚀 ~ balanceB: BigNumber { _hex: '0x018a26c12aafa46505', _isBigNumber: true }
47: 
🚀 ~ recepit1.hash for approval for Token A: 0x0cef186e3c7ff853fa4cf187d5d4a5a3634c5891e089c044677980ea23682530
🚀 ~ receipt2.hash for approval for Token B: 0x7a14a23bc3da529209897c5b2bfbcea75f086d8bbd0e85ff4ffc670de9561508
54: 
🚀 ~ token0, token1: 0x779877a7b0d9e8603169ddbd7836e478b4624789 0xe7593c95763E75165d6B3e8477470169a5fe4d7a
🚀 ~ poolAddress: 0x6fA737B7ceac46C57297198624a1dE1f5B29F2E8
poolAddress === ethers.constants.AddressZero:  false
✅ Pool already exists: 0x6fA737B7ceac46C57297198624a1dE1f5B29F2E8
🧪 slot0: [
  BigNumber { _hex: '0x08186e27501d3910c2c5e2cd', _isBigNumber: true },
  -69082,
  0,
  1,
  1,
  0,
  true,
  sqrtPriceX96: BigNumber { _hex: '0x08186e27501d3910c2c5e2cd', _isBigNumber: true },
  tick: -69082,
  observationIndex: 0,
  observationCardinality: 1,
  observationCardinalityNext: 1,
  feeProtocol: 0,
  unlocked: true
]
✅ Pool already initialized. sqrtPriceX96: 2505414483750479227146068685
🚀 ~ mintParams: {
  token0: '0x779877a7b0d9e8603169ddbd7836e478b4624789',
  token1: '0xe7593c95763E75165d6B3e8477470169a5fe4d7a',
  fee: 3000,
  tickLower: -887220,
  tickUpper: 887220,
  amount0Desired: BigNumber { _hex: '0x2386f26fc10000', _isBigNumber: true },
  amount1Desired: BigNumber { _hex: '0x8ac7230489e80000', _isBigNumber: true },
  amount0Min: 0,
  amount1Min: 0,
  recipient: '0xaDC7EBd185AfD30519f68aA5c5a3ab4Ea0Eb5706',
  deadline: 1751011625
}
Mint done. Tx hash: 0xe9aee49c830d5710ee0a86a53e117bae9f6cebabb680f0634bcff75a047ba7f1
✅ liquidity added at: 0x6fA737B7ceac46C57297198624a1dE1f5B29F2E8
🚀 ~ :113 ~ logs: [
  {
    transactionIndex: 33,
    blockNumber: 8638840,
    transactionHash: '0xe9aee49c830d5710ee0a86a53e117bae9f6cebabb680f0634bcff75a047ba7f1',
    address: '0x779877A7B0D9E8603169DdbD7836e478b4624789',
    topics: [
      '0xddf252ad1be2c89b69c2b068fc378daa952ba7f163c4a11628f55a4df523b3ef',
      '0x000000000000000000000000adc7ebd185afd30519f68aa5c5a3ab4ea0eb5706',
      '0x0000000000000000000000006fa737b7ceac46c57297198624a1de1f5b29f2e8'
    ],
    data: '0x000000000000000000000000000000000000000000000000002386f26fc0ffe3',
    logIndex: 88,
    blockHash: '0xab85ad2883d7f0c869c70f44cfc97bf137fd2e441a67f32f7b9f051c0cdc9c5c'
  },
  {
    transactionIndex: 33,
    blockNumber: 8638840,
    transactionHash: '0xe9aee49c830d5710ee0a86a53e117bae9f6cebabb680f0634bcff75a047ba7f1',
    address: '0x779877A7B0D9E8603169DdbD7836e478b4624789',
    topics: [
      '0x8c5be1e5ebec7d5bd14f71427d1e84f3dd0314c0f7b2291e5b200ac8c7c3b925',
      '0x000000000000000000000000adc7ebd185afd30519f68aa5c5a3ab4ea0eb5706',
      '0x0000000000000000000000001238536071e1c677a632429e3655c799b22cda52'
    ],
    data: '0x0000000000000000000000000000000000000000000000018a033a383fe36522',
    logIndex: 89,
    blockHash: '0xab85ad2883d7f0c869c70f44cfc97bf137fd2e441a67f32f7b9f051c0cdc9c5c'
  },
  {
    transactionIndex: 33,
    blockNumber: 8638840,
    transactionHash: '0xe9aee49c830d5710ee0a86a53e117bae9f6cebabb680f0634bcff75a047ba7f1',
    address: '0xe7593c95763E75165d6B3e8477470169a5fe4d7a',
    topics: [
      '0xddf252ad1be2c89b69c2b068fc378daa952ba7f163c4a11628f55a4df523b3ef',
      '0x000000000000000000000000adc7ebd185afd30519f68aa5c5a3ab4ea0eb5706',
      '0x0000000000000000000000006fa737b7ceac46c57297198624a1de1f5b29f2e8'
    ],
    data: '0x000000000000000000000000000000000000000000000000000009184e72a000',
    logIndex: 90,
    blockHash: '0xab85ad2883d7f0c869c70f44cfc97bf137fd2e441a67f32f7b9f051c0cdc9c5c'
  },
  {
    transactionIndex: 33,
    blockNumber: 8638840,
    transactionHash: '0xe9aee49c830d5710ee0a86a53e117bae9f6cebabb680f0634bcff75a047ba7f1',
    address: '0x6fA737B7ceac46C57297198624a1dE1f5B29F2E8',
    topics: [
      '0x7a53080ba414158be7ec69b987b5fb7d07dee101fe85488f0853ae16239d0bde',
      '0x0000000000000000000000001238536071e1c677a632429e3655c799b22cda52',
      '0xfffffffffffffffffffffffffffffffffffffffffffffffffffffffffff2764c',
      '0x00000000000000000000000000000000000000000000000000000000000d89b4'
    ],
    data: '0x0000000000000000000000001238536071e1c677a632429e3655c799b22cda5200000000000000000000000000000000000000000000000000011f9b83a95b45000000000000000000000000000000000000000000000000002386f26fc0ffe3000000000000000000000000000000000000000000000000000009184e72a000',
    logIndex: 91,
    blockHash: '0xab85ad2883d7f0c869c70f44cfc97bf137fd2e441a67f32f7b9f051c0cdc9c5c'
  },
  {
    transactionIndex: 33,
    blockNumber: 8638840,
    transactionHash: '0xe9aee49c830d5710ee0a86a53e117bae9f6cebabb680f0634bcff75a047ba7f1',
    address: '0x1238536071E1c677A632429e3655c799b22cDA52',
    topics: [
      '0xddf252ad1be2c89b69c2b068fc378daa952ba7f163c4a11628f55a4df523b3ef',
      '0x0000000000000000000000000000000000000000000000000000000000000000',
      '0x000000000000000000000000adc7ebd185afd30519f68aa5c5a3ab4ea0eb5706',
      '0x0000000000000000000000000000000000000000000000000000000000030bb2'
    ],
    data: '0x',
    logIndex: 92,
    blockHash: '0xab85ad2883d7f0c869c70f44cfc97bf137fd2e441a67f32f7b9f051c0cdc9c5c'
  },
  {
    transactionIndex: 33,
    blockNumber: 8638840,
    transactionHash: '0xe9aee49c830d5710ee0a86a53e117bae9f6cebabb680f0634bcff75a047ba7f1',
    address: '0x1238536071E1c677A632429e3655c799b22cDA52',
    topics: [
      '0x3067048beee31b25b2f1681f88dac838c8bba36af25bfb2b7cf7473a5847e35f',
      '0x0000000000000000000000000000000000000000000000000000000000030bb2'
    ],
    data: '0x00000000000000000000000000000000000000000000000000011f9b83a95b45000000000000000000000000000000000000000000000000002386f26fc0ffe3000000000000000000000000000000000000000000000000000009184e72a000',
    logIndex: 93,
    blockHash: '0xab85ad2883d7f0c869c70f44cfc97bf137fd2e441a67f32f7b9f051c0cdc9c5c'
  }
]
Pool: 0x6fA737B7ceac46C57297198624a1dE1f5B29F2E8
