🚀 ~ address: 0xaDC7EBd185AfD30519f68aA5c5a3ab4Ea0Eb5706
🚀 ~ balanceA: BigNumber { _hex: '0x0253734d80', _isBigNumber: true }
🚀 ~ balanceB: BigNumber { _hex: '0x0253734998', _isBigNumber: true }
47: 
🚀 ~ recepit1.hash for approval for Token A: 0x6e2768517e246beb768215b6dc4ea6b507d66b03258db4af6c61e1313a657fed
🚀 ~ receipt2.hash for approval for Token B: 0x0d924ca93ac7346562d4172f0596154e270ca6ee1bc202c67edf68fed105ff47
54: 
🚀 ~ token0, token1: 0xaa8e23fb1079ea71e0a56f48a2aa51851d8433d0 0xebcc972b6b3eb15c0592be1871838963d0b94278
🚀 ~ poolAddress: 0x0E790C504f439Faea67Ee19F420190996390cf27
poolAddress === ethers.constants.AddressZero:  false
✅ Pool already exists: 0x0E790C504f439Faea67Ee19F420190996390cf27
🧪 slot0: [
  BigNumber {
    _hex: '0x01000000000000000000000000',
    _isBigNumber: true
  },
  0,
  0,
  1,
  1,
  0,
  true,
  sqrtPriceX96: BigNumber {
    _hex: '0x01000000000000000000000000',
    _isBigNumber: true
  },
  tick: 0,
  observationIndex: 0,
  observationCardinality: 1,
  observationCardinalityNext: 1,
  feeProtocol: 0,
  unlocked: true
]
✅ Pool already initialized. sqrtPriceX96: 79228162514264337593543950336
🚀 ~ :156 ~ midPrice: 1
🚀 ~ :161 ~ priceLower: 0.95
🚀 ~ :164 ~ priceUpper: 1.05
🚀 ~ :147 ~ deadline: 1753361788
🚀 ~ :148 ~ tickLower: -540
🚀 ~ :149 ~ tickUpper: 540
🚀 ~ mintParams: {
  token0: '0xaa8e23fb1079ea71e0a56f48a2aa51851d8433d0',
  token1: '0xebcc972b6b3eb15c0592be1871838963d0b94278',
  fee: 3000,
  tickLower: -540,
  tickUpper: 540,
  amount0Desired: BigNumber { _hex: '0x989680', _isBigNumber: true },
  amount1Desired: BigNumber { _hex: '0x989680', _isBigNumber: true },
  amount0Min: 0,
  amount1Min: 0,
  recipient: '0xaDC7EBd185AfD30519f68aA5c5a3ab4Ea0Eb5706',
  deadline: 1753361788
}

-----
----
Mint done. Tx hash: 0x36ada5c228dd6e35169e81483abe075cbeed43f8569be860cd7653d29b4d91d1
✅ liquidity added at: 0x0E790C504f439Faea67Ee19F420190996390cf27
🚀 ~ :113 ~ logs: [
  {
    transactionIndex: 18,
    blockNumber: 8832212,
    transactionHash: '0x36ada5c228dd6e35169e81483abe075cbeed43f8569be860cd7653d29b4d91d1',
    address: '0xaA8E23Fb1079EA71e0a56F48a2aA51851D8433D0',
    topics: [
      '0xddf252ad1be2c89b69c2b068fc378daa952ba7f163c4a11628f55a4df523b3ef',
      '0x000000000000000000000000adc7ebd185afd30519f68aa5c5a3ab4ea0eb5706',
      '0x0000000000000000000000000e790c504f439faea67ee19f420190996390cf27'
    ],
    data: '0x0000000000000000000000000000000000000000000000000000000000989680',
    logIndex: 8,
    blockHash: '0x0a70fc6d1ce4a535afe419d3d29801980995825791b52ec750e8c420b75d87d7'
  },
  {
    transactionIndex: 18,
    blockNumber: 8832212,
    transactionHash: '0x36ada5c228dd6e35169e81483abe075cbeed43f8569be860cd7653d29b4d91d1',
    address: '0xaA8E23Fb1079EA71e0a56F48a2aA51851D8433D0',
    topics: [
      '0x8c5be1e5ebec7d5bd14f71427d1e84f3dd0314c0f7b2291e5b200ac8c7c3b925',
      '0x000000000000000000000000adc7ebd185afd30519f68aa5c5a3ab4ea0eb5706',
      '0x0000000000000000000000001238536071e1c677a632429e3655c799b22cda52'
    ],
    data: '0x0000000000000000000000000000000000000000000000000000000252dab318',
    logIndex: 9,
    blockHash: '0x0a70fc6d1ce4a535afe419d3d29801980995825791b52ec750e8c420b75d87d7'
  },
  {
    transactionIndex: 18,
    blockNumber: 8832212,
    transactionHash: '0x36ada5c228dd6e35169e81483abe075cbeed43f8569be860cd7653d29b4d91d1',
    address: '0xEbCC972B6B3eB15C0592BE1871838963d0B94278',
    topics: [
      '0xddf252ad1be2c89b69c2b068fc378daa952ba7f163c4a11628f55a4df523b3ef',
      '0x000000000000000000000000adc7ebd185afd30519f68aa5c5a3ab4ea0eb5706',
      '0x0000000000000000000000000e790c504f439faea67ee19f420190996390cf27'
    ],
    data: '0x0000000000000000000000000000000000000000000000000000000000989680',
    logIndex: 10,
    blockHash: '0x0a70fc6d1ce4a535afe419d3d29801980995825791b52ec750e8c420b75d87d7'
  },
  {
    transactionIndex: 18,
    blockNumber: 8832212,
    transactionHash: '0x36ada5c228dd6e35169e81483abe075cbeed43f8569be860cd7653d29b4d91d1',
    address: '0xEbCC972B6B3eB15C0592BE1871838963d0B94278',
    topics: [
      '0x8c5be1e5ebec7d5bd14f71427d1e84f3dd0314c0f7b2291e5b200ac8c7c3b925',
      '0x000000000000000000000000adc7ebd185afd30519f68aa5c5a3ab4ea0eb5706',
      '0x0000000000000000000000001238536071e1c677a632429e3655c799b22cda52'
    ],
    data: '0x0000000000000000000000000000000000000000000000000000000252dab700',
    logIndex: 11,
    blockHash: '0x0a70fc6d1ce4a535afe419d3d29801980995825791b52ec750e8c420b75d87d7'
  },
  {
    transactionIndex: 18,
    blockNumber: 8832212,
    transactionHash: '0x36ada5c228dd6e35169e81483abe075cbeed43f8569be860cd7653d29b4d91d1',
    address: '0x0E790C504f439Faea67Ee19F420190996390cf27',
    topics: [
      '0x7a53080ba414158be7ec69b987b5fb7d07dee101fe85488f0853ae16239d0bde',
      '0x0000000000000000000000001238536071e1c677a632429e3655c799b22cda52',
      '0xfffffffffffffffffffffffffffffffffffffffffffffffffffffffffffffde4',
      '0x000000000000000000000000000000000000000000000000000000000000021c'
    ],
    data: '0x0000000000000000000000001238536071e1c677a632429e3655c799b22cda5200000000000000000000000000000000000000000000000000000000166052bb00000000000000000000000000000000000000000000000000000000009896800000000000000000000000000000000000000000000000000000000000989680',
    logIndex: 12,
    blockHash: '0x0a70fc6d1ce4a535afe419d3d29801980995825791b52ec750e8c420b75d87d7'
  },
  {
    transactionIndex: 18,
    blockNumber: 8832212,
    transactionHash: '0x36ada5c228dd6e35169e81483abe075cbeed43f8569be860cd7653d29b4d91d1',
    address: '0x1238536071E1c677A632429e3655c799b22cDA52',
    topics: [
      '0xddf252ad1be2c89b69c2b068fc378daa952ba7f163c4a11628f55a4df523b3ef',
      '0x0000000000000000000000000000000000000000000000000000000000000000',
      '0x000000000000000000000000adc7ebd185afd30519f68aa5c5a3ab4ea0eb5706',
      '0x00000000000000000000000000000000000000000000000000000000000311b5'
    ],
    data: '0x',
    logIndex: 13,
    blockHash: '0x0a70fc6d1ce4a535afe419d3d29801980995825791b52ec750e8c420b75d87d7'
  },
  {
    transactionIndex: 18,
    blockNumber: 8832212,
    transactionHash: '0x36ada5c228dd6e35169e81483abe075cbeed43f8569be860cd7653d29b4d91d1',
    address: '0x1238536071E1c677A632429e3655c799b22cDA52',
    topics: [
      '0x3067048beee31b25b2f1681f88dac838c8bba36af25bfb2b7cf7473a5847e35f',
      '0x00000000000000000000000000000000000000000000000000000000000311b5'
    ],
    data: '0x00000000000000000000000000000000000000000000000000000000166052bb00000000000000000000000000000000000000000000000000000000009896800000000000000000000000000000000000000000000000000000000000989680',
    logIndex: 14,
    blockHash: '0x0a70fc6d1ce4a535afe419d3d29801980995825791b52ec750e8c420b75d87d7'
  }
]
Pool: 0x0E790C504f439Faea67Ee19F420190996390cf27
