🧾 LP NFT Count: 4
📍 Position NFT #199534
Token0: 0x779877A7B0D9E8603169DdbD7836e478b4624789
Token1: 0x94a9D9AC8a22534E3FaCa9F4e7F2E2cf85d5E4C8
Liquidity: 228022847552
Tick range: -887220 to 887220
------
📍 Position NFT #199540
Token0: 0x779877A7B0D9E8603169DdbD7836e478b4624789
Token1: 0x94a9D9AC8a22534E3FaCa9F4e7F2E2cf85d5E4C8
Liquidity: 87710508900
Tick range: -887220 to 887220
------
📍 Position NFT #199542
Token0: 0x779877A7B0D9E8603169DdbD7836e478b4624789
Token1: 0x94a9D9AC8a22534E3FaCa9F4e7F2E2cf85d5E4C8
Liquidity: 87710508900
Tick range: -887220 to 887220
------
📍 Position NFT #199544
Token0: 0x779877A7B0D9E8603169DdbD7836e478b4624789
Token1: 0x94a9D9AC8a22534E3FaCa9F4e7F2E2cf85d5E4C8
Liquidity: 87710508900
Tick range: -887220 to 887220
------
